[www.callejerosrp.com/index.html]
[backblue.gif]
[fade.gif]
[index.html]
[www.callejerosrp.com/style.css]
[callejerosrp.es/imagenes/callejeros/logos/1.jpg]
[www.callejerosrp.com/img/logo3.png]
[use.fontawesome.com/releases/v5.6.1/css/all.css]
[unpkg.com/aos@3.0.0-beta.6/dist/aos.css]
[www.callejerosrp.com/img/logo.png]
[www.callejerosrp.com/img/arrow.png]
[www.callejerosrp.com/img/fivem.png]
[www.callejerosrp.com/img/fivem1.png]
[www.callejerosrp.com/img/fivem3.png]
[www.callejerosrp.com/img/cuscu1.jpg]
[www.callejerosrp.com/img/cuscu.gif]
[www.callejerosrp.com/index.html]
[unpkg.com/aos@3.0.0-beta.6/dist/aos.js]
[www.callejerosrp.com/img/bg.jpg]
[www.callejerosrp.com/style.css]
[use.fontawesome.com/releases/v5.6.1/css/all.css]
[unpkg.com/aos@3.0.0-beta.6/dist/aos.css]
